{"C:\\Users\\billy\\js\\jsAlgorithms\\algorithms\\exercises1\\numbersPrime.js": {"path":"C:\\Users\\billy\\js\\jsAlgorithms\\algorithms\\exercises1\\numbersPrime.js","statementMap":{"0":{"start":{"line":2,"column":0},"end":{"line":2,"column":62}},"1":{"start":{"line":3,"column":0},"end":{"line":3,"column":25}},"2":{"start":{"line":5,"column":14},"end":{"line":14,"column":1}},"3":{"start":{"line":6,"column":4},"end":{"line":7,"column":21}},"4":{"start":{"line":7,"column":8},"end":{"line":7,"column":21}},"5":{"start":{"line":8,"column":4},"end":{"line":12,"column":5}},"6":{"start":{"line":8,"column":17},"end":{"line":8,"column":18}},"7":{"start":{"line":9,"column":8},"end":{"line":11,"column":9}},"8":{"start":{"line":10,"column":12},"end":{"line":10,"column":25}},"9":{"start":{"line":13,"column":4},"end":{"line":13,"column":16}},"10":{"start":{"line":15,"column":0},"end":{"line":15,"column":26}},"11":{"start":{"line":16,"column":0},"end":{"line":16,"column":24}},"12":{"start":{"line":17,"column":0},"end":{"line":17,"column":25}}},"fnMap":{"0":{"name":"(anonymous_0)","decl":{"start":{"line":5,"column":14},"end":{"line":5,"column":15}},"loc":{"start":{"line":5,"column":38},"end":{"line":14,"column":1}},"line":5}},"branchMap":{"0":{"loc":{"start":{"line":6,"column":4},"end":{"line":7,"column":21}},"type":"if","locations":[{"start":{"line":6,"column":4},"end":{"line":7,"column":21}},{"start":{},"end":{}}],"line":6},"1":{"loc":{"start":{"line":9,"column":8},"end":{"line":11,"column":9}},"type":"if","locations":[{"start":{"line":9,"column":8},"end":{"line":11,"column":9}},{"start":{},"end":{}}],"line":9}},"s":{"0":1,"1":1,"2":1,"3":4,"4":0,"5":4,"6":4,"7":4,"8":2,"9":2,"10":1,"11":1,"12":1},"f":{"0":4},"b":{"0":[0,4],"1":[2,2]},"_coverageSchema":"1a1c01bbd47fc00a2c39e90264f33305004495a9","hash":"dc93889fbd1a22c1c190210260a87a9da96d7b95"}
}
